  [1m[36m (0.9ms)[0m  [1mCREATE TABLE "schema_migrations" ("version" varchar NOT NULL) [0m
  [1m[35m (0.1ms)[0m  select sqlite_version(*)
  [1m[36m (0.7ms)[0m  [1mCREATE UNIQUE INDEX "unique_schema_migrations" ON "schema_migrations" ("version")[0m
  [1m[35mActiveRecord::SchemaMigration Load (0.1ms)[0m  SELECT "schema_migrations".* FROM "schema_migrations"
Migrating to CreateUsers (20160704020347)
  [1m[36m (0.1ms)[0m  [1mbegin transaction[0m
  [1m[35m (0.4ms)[0m  CREATE TABLE "users" ("id" INTEGER PRIMARY KEY AUTOINCREMENT NOT NULL, "created_at" datetime NOT NULL, "updated_at" datetime NOT NULL) 
  [1m[36mSQL (0.2ms)[0m  [1mINSERT INTO "schema_migrations" ("version") VALUES (?)[0m  [["version", "20160704020347"]]
  [1m[35m (0.7ms)[0m  commit transaction
  [1m[36mActiveRecord::SchemaMigration Load (0.1ms)[0m  [1mSELECT "schema_migrations".* FROM "schema_migrations"[0m
  [1m[36m (18.7ms)[0m  [1mCREATE TABLE "schema_migrations" ("version" character varying NOT NULL) [0m
  [1m[35m (15.5ms)[0m  CREATE UNIQUE INDEX  "unique_schema_migrations" ON "schema_migrations"  ("version")
  [1m[36mActiveRecord::SchemaMigration Load (0.5ms)[0m  [1mSELECT "schema_migrations".* FROM "schema_migrations"[0m
Migrating to CreateUsers (20160704020347)
  [1m[35m (0.3ms)[0m  BEGIN
  [1m[36m (11.2ms)[0m  [1mCREATE TABLE "users" ("id" serial primary key, "created_at" timestamp NOT NULL, "updated_at" timestamp NOT NULL) [0m
  [1m[35mSQL (1.6ms)[0m  INSERT INTO "schema_migrations" ("version") VALUES ($1)  [["version", "20160704020347"]]
  [1m[36m (0.5ms)[0m  [1mCOMMIT[0m
  [1m[35mActiveRecord::SchemaMigration Load (0.2ms)[0m  SELECT "schema_migrations".* FROM "schema_migrations"
  [1m[36m (5.2ms)[0m  [1mSELECT t2.oid::regclass::text AS to_table, a1.attname AS column, a2.attname AS primary_key, c.conname AS name, c.confupdtype AS on_update, c.confdeltype AS on_delete
FROM pg_constraint c
JOIN pg_class t1 ON c.conrelid = t1.oid
JOIN pg_class t2 ON c.confrelid = t2.oid
JOIN pg_attribute a1 ON a1.attnum = c.conkey[1] AND a1.attrelid = t1.oid
JOIN pg_attribute a2 ON a2.attnum = c.confkey[1] AND a2.attrelid = t2.oid
JOIN pg_namespace t3 ON c.connamespace = t3.oid
WHERE c.contype = 'f'
  AND t1.relname = 'users'
  AND t3.nspname = ANY (current_schemas(false))
ORDER BY c.conname
[0m
DEPRECATION WARNING: [Devise] config.email_regexp will have a new default on Devise 4.1
To keep the current behavior please set in your config/initializers/devise.rb the following:

  Devise.setup do |config|
    config.email_regexp = /\A[^@\s]+@([^@\s]+\.)+[^@\W]+\z/
  end

If you want to use the new default:

  Devise.setup do |config|
    config.email_regexp = /\A[^@\s]+@[^@\s]+\z/
  end
. (called from block in tsort_each at /Users/ryanwong/.rbenv/versions/2.3.0/lib/ruby/2.3.0/tsort.rb:228)
  [1m[36m (1.0ms)[0m  [1mSELECT VERSION()[0m
DEPRECATION WARNING: [Devise] config.email_regexp will have a new default on Devise 4.1
To keep the current behavior please set in your config/initializers/devise.rb the following:

  Devise.setup do |config|
    config.email_regexp = /\A[^@\s]+@([^@\s]+\.)+[^@\W]+\z/
  end

If you want to use the new default:

  Devise.setup do |config|
    config.email_regexp = /\A[^@\s]+@[^@\s]+\z/
  end
. (called from block in tsort_each at /Users/ryanwong/.rbenv/versions/2.3.0/lib/ruby/2.3.0/tsort.rb:228)
DEPRECATION WARNING: [Devise] config.email_regexp will have a new default on Devise 4.1
To keep the current behavior please set in your config/initializers/devise.rb the following:

  Devise.setup do |config|
    config.email_regexp = /\A[^@\s]+@([^@\s]+\.)+[^@\W]+\z/
  end

If you want to use the new default:

  Devise.setup do |config|
    config.email_regexp = /\A[^@\s]+@[^@\s]+\z/
  end
. (called from block in tsort_each at /Users/ryanwong/.rbenv/versions/2.3.0/lib/ruby/2.3.0/tsort.rb:228)
  [1m[36mActiveRecord::SchemaMigration Load (0.5ms)[0m  [1mSELECT "schema_migrations".* FROM "schema_migrations"[0m
Migrating to DeviseTokenAuthCreateUsers (20160704062655)
  [1m[35m (0.3ms)[0m  BEGIN
DEPRECATION WARNING: `#timestamps` was called without specifying an option for `null`. In Rails 5, this behavior will change to `null: false`. You should manually specify `null: true` to prevent the behavior of your existing migrations from changing. (called from block in change at /Users/ryanwong/Documents/CMPT470/quicknote_api/db/migrate/20160704062655_devise_token_auth_create_users.rb:45)
  [1m[36m (5.3ms)[0m  [1mCREATE TABLE "users" ("id" serial primary key, "provider" character varying DEFAULT 'email' NOT NULL, "uid" character varying DEFAULT '' NOT NULL, "encrypted_password" character varying DEFAULT '' NOT NULL, "reset_password_token" character varying, "reset_password_sent_at" timestamp, "remember_created_at" timestamp, "sign_in_count" integer DEFAULT 0 NOT NULL, "current_sign_in_at" timestamp, "last_sign_in_at" timestamp, "current_sign_in_ip" character varying, "last_sign_in_ip" character varying, "confirmation_token" character varying, "confirmed_at" timestamp, "confirmation_sent_at" timestamp, "unconfirmed_email" character varying, "name" character varying, "nickname" character varying, "image" character varying, "email" character varying, "tokens" json, "created_at" timestamp, "updated_at" timestamp) [0m
  [1m[35m (1.1ms)[0m  CREATE  INDEX  "index_users_on_email" ON "users"  ("email")
  [1m[36m (0.9ms)[0m  [1mCREATE UNIQUE INDEX  "index_users_on_uid_and_provider" ON "users"  ("uid", "provider")[0m
  [1m[35m (0.9ms)[0m  CREATE UNIQUE INDEX  "index_users_on_reset_password_token" ON "users"  ("reset_password_token")
  [1m[36mSQL (0.3ms)[0m  [1mINSERT INTO "schema_migrations" ("version") VALUES ($1)[0m  [["version", "20160704062655"]]
  [1m[35m (0.8ms)[0m  COMMIT
  [1m[36mActiveRecord::SchemaMigration Load (0.2ms)[0m  [1mSELECT "schema_migrations".* FROM "schema_migrations"[0m
  [1m[35m (2.4ms)[0m  SELECT t2.oid::regclass::text AS to_table, a1.attname AS column, a2.attname AS primary_key, c.conname AS name, c.confupdtype AS on_update, c.confdeltype AS on_delete
FROM pg_constraint c
JOIN pg_class t1 ON c.conrelid = t1.oid
JOIN pg_class t2 ON c.confrelid = t2.oid
JOIN pg_attribute a1 ON a1.attnum = c.conkey[1] AND a1.attrelid = t1.oid
JOIN pg_attribute a2 ON a2.attnum = c.confkey[1] AND a2.attrelid = t2.oid
JOIN pg_namespace t3 ON c.connamespace = t3.oid
WHERE c.contype = 'f'
  AND t1.relname = 'users'
  AND t3.nspname = ANY (current_schemas(false))
ORDER BY c.conname

DEPRECATION WARNING: [Devise] config.email_regexp will have a new default on Devise 4.1
To keep the current behavior please set in your config/initializers/devise.rb the following:

  Devise.setup do |config|
    config.email_regexp = /\A[^@\s]+@([^@\s]+\.)+[^@\W]+\z/
  end

If you want to use the new default:

  Devise.setup do |config|
    config.email_regexp = /\A[^@\s]+@[^@\s]+\z/
  end
. (called from block in tsort_each at /Users/ryanwong/.rbenv/versions/2.3.0/lib/ruby/2.3.0/tsort.rb:228)
DEPRECATION WARNING: [Devise] config.email_regexp will have a new default on Devise 4.1
To keep the current behavior please set in your config/initializers/devise.rb the following:

  Devise.setup do |config|
    config.email_regexp = /\A[^@\s]+@([^@\s]+\.)+[^@\W]+\z/
  end

If you want to use the new default:

  Devise.setup do |config|
    config.email_regexp = /\A[^@\s]+@[^@\s]+\z/
  end
. (called from block in tsort_each at /Users/ryanwong/.rbenv/versions/2.3.0/lib/ruby/2.3.0/tsort.rb:228)
DEPRECATION WARNING: [Devise] config.email_regexp will have a new default on Devise 4.1
To keep the current behavior please set in your config/initializers/devise.rb the following:

  Devise.setup do |config|
    config.email_regexp = /\A[^@\s]+@([^@\s]+\.)+[^@\W]+\z/
  end

If you want to use the new default:

  Devise.setup do |config|
    config.email_regexp = /\A[^@\s]+@[^@\s]+\z/
  end
. (called from block in tsort_each at /Users/ryanwong/.rbenv/versions/2.3.0/lib/ruby/2.3.0/tsort.rb:228)
DEPRECATION WARNING: [Devise] config.email_regexp will have a new default on Devise 4.1
To keep the current behavior please set in your config/initializers/devise.rb the following:

  Devise.setup do |config|
    config.email_regexp = /\A[^@\s]+@([^@\s]+\.)+[^@\W]+\z/
  end

If you want to use the new default:

  Devise.setup do |config|
    config.email_regexp = /\A[^@\s]+@[^@\s]+\z/
  end
. (called from block in tsort_each at /Users/ryanwong/.rbenv/versions/2.3.0/lib/ruby/2.3.0/tsort.rb:228)
DEPRECATION WARNING: [Devise] config.email_regexp will have a new default on Devise 4.1
To keep the current behavior please set in your config/initializers/devise.rb the following:

  Devise.setup do |config|
    config.email_regexp = /\A[^@\s]+@([^@\s]+\.)+[^@\W]+\z/
  end

If you want to use the new default:

  Devise.setup do |config|
    config.email_regexp = /\A[^@\s]+@[^@\s]+\z/
  end
. (called from block in tsort_each at /Users/ryanwong/.rbenv/versions/2.3.0/lib/ruby/2.3.0/tsort.rb:228)


Started GET "/" for 127.0.0.1 at 2016-07-06 03:59:46 -0700
Processing by Rails::WelcomeController#index as HTML
  Rendered /Users/ryanwong/.rbenv/versions/2.3.0/lib/ruby/gems/2.3.0/gems/railties-4.2.6/lib/rails/templates/rails/welcome/index.html.erb (2.3ms)
Completed 200 OK in 14ms (Views: 13.5ms | ActiveRecord: 0.0ms)


Started GET "/" for 127.0.0.1 at 2016-07-06 03:59:59 -0700
Processing by Rails::WelcomeController#index as HTML
  Rendered /Users/ryanwong/.rbenv/versions/2.3.0/lib/ruby/gems/2.3.0/gems/railties-4.2.6/lib/rails/templates/rails/welcome/index.html.erb (0.1ms)
Completed 200 OK in 2ms (Views: 2.0ms | ActiveRecord: 0.0ms)
